c:\users\enzog\desktop\copia boa - copy\release\main.obj
c:\users\enzog\desktop\copia boa - copy\release\imageloader.obj
c:\users\enzog\desktop\sistema solar\release\main.obj
c:\users\enzog\desktop\sistema solar\release\imageloader.obj
c:\users\enzog\desktop\copia boa - copy\release\sistema solar.exe
c:\users\enzog\desktop\copia boa - copy\release\sistema solar.pdb
c:\users\enzog\desktop\sistema solar\release\sistema solar.exe
c:\users\enzog\desktop\sistema solar\release\sistema solar.pdb
c:\users\enzog\desktop\copia boa - copy\release\sistema solar.ipdb
c:\users\enzog\desktop\copia boa - copy\release\sistema solar.iobj
c:\users\enzog\desktop\copia boa - copy\release\glew32.dll
c:\users\enzog\desktop\sistema solar\release\sistema solar.ipdb
c:\users\enzog\desktop\sistema solar\release\sistema solar.iobj
c:\users\enzog\desktop\sistema solar\release\glew32.dll
c:\users\enzog\desktop\sistema solar\release\solarsystem.ipdb
c:\users\enzog\desktop\sistema solar\release\solarsystem.iobj
c:\users\enzog\desktop\sistema solar\release\solarsystem.pdb
c:\users\enzog\desktop\sistema solar\release\vc143.pdb
c:\users\enzog\desktop\sistema solar\release\sistema solar.tlog\cl.command.1.tlog
c:\users\enzog\desktop\sistema solar\release\sistema solar.tlog\cl.read.1.tlog
c:\users\enzog\desktop\sistema solar\release\sistema solar.tlog\cl.write.1.tlog
c:\users\enzog\desktop\sistema solar\release\sistema solar.tlog\link.command.1.tlog
c:\users\enzog\desktop\sistema solar\release\sistema solar.tlog\link.read.1.tlog
c:\users\enzog\desktop\sistema solar\release\sistema solar.tlog\link.write.1.tlog
c:\users\enzog\desktop\sistema solar\release\sistema solar.tlog\sistema solar.write.1u.tlog
